RFICActivityCommunication2/app/build/intermediates/manifest_merge_blame_file/debug/manifest-merger-blame-debug-report.txt
1<?xml version="1.0" encoding="utf-8"?>
2<manifest xmlns:android="http://schemas.android.com/apk/res/android"
3    package="edu.mit.icc_action_string_operations"
4    android:versionCode="1"
5    android:versionName="1.0" >
6
7    <uses-sdk
7-->src\main\AndroidManifest.xml:7:5-47
8        android:minSdkVersion="14"
8-->src\main\AndroidManifest.xml:7:5-47
9        android:targetSdkVersion="16" />
9-->src\main\AndroidManifest.xml:7:15-44
10
11    <uses-permission android:name="android.permission.READ_PHONE_STATE" />
11-->src\main\AndroidManifest.xml:43:5-75
11-->src\main\AndroidManifest.xml:43:22-72
12
13    <application
13-->src\main\AndroidManifest.xml:9:5-41:19
14        android:allowBackup="true"
14-->src\main\AndroidManifest.xml:10:9-35
15        android:debuggable="true"
16        android:icon="@drawable/ic_launcher"
16-->src\main\AndroidManifest.xml:11:9-45
17        android:label="@string/app_name"
17-->src\main\AndroidManifest.xml:12:9-41
18        android:theme="@style/AppTheme" >
18-->src\main\AndroidManifest.xml:13:9-40
19        <activity
19-->src\main\AndroidManifest.xml:14:9-22:20
20            android:name="edu.mit.icc_action_string_operations.OutFlowActivity"
20-->src\main\AndroidManifest.xml:15:13-80
21            android:label="@string/app_name" >
21-->src\main\AndroidManifest.xml:16:13-45
22            <intent-filter>
22-->src\main\AndroidManifest.xml:17:13-21:29
23                <action android:name="android.intent.action.MAIN" />
23-->src\main\AndroidManifest.xml:18:17-69
23-->src\main\AndroidManifest.xml:18:25-66
24
25                <category android:name="android.intent.category.LAUNCHER" />
25-->src\main\AndroidManifest.xml:20:17-77
25-->src\main\AndroidManifest.xml:20:27-74
26            </intent-filter>
27        </activity>
28        <activity
28-->src\main\AndroidManifest.xml:24:9-31:20
29            android:name="edu.mit.icc_action_string_operations.InFlowActivity"
29-->src\main\AndroidManifest.xml:25:13-79
30            android:label="@string/app_name" >
30-->src\main\AndroidManifest.xml:26:13-45
31            <intent-filter>
31-->src\main\AndroidManifest.xml:27:13-30:29
32                <action android:name="edu.mit.icc_action_string_operations.ACTION" />
32-->src\main\AndroidManifest.xml:28:17-86
32-->src\main\AndroidManifest.xml:28:25-83
33
34                <category android:name="android.intent.category.DEFAULT" />
34-->src\main\AndroidManifest.xml:29:17-76
34-->src\main\AndroidManifest.xml:29:27-73
35            </intent-filter>
36        </activity>
37        <activity
37-->src\main\AndroidManifest.xml:33:9-40:20
38            android:name="edu.mit.icc_action_string_operations.IsolateActivity"
38-->src\main\AndroidManifest.xml:34:13-80
39            android:label="@string/app_name" >
39-->src\main\AndroidManifest.xml:35:13-45
40            <intent-filter>
40-->src\main\AndroidManifest.xml:36:4-39:20
41                <action android:name="edu.mit.icc_action_string_operations.EDIT" />
41-->src\main\AndroidManifest.xml:37:6-73
41-->src\main\AndroidManifest.xml:37:14-70
42
43                <category android:name="android.intent.category.DEFAULT" />
43-->src\main\AndroidManifest.xml:29:17-76
43-->src\main\AndroidManifest.xml:29:27-73
44            </intent-filter>
45        </activity>
46    </application>
47
48</manifest>